# JRE version: OpenJDK Runtime Environment (8.0_171-b11) (build 1.8.0_171-8u171-b11-0ubuntu0.17.10.1-b11)
# Java VM: OpenJDK 64-Bit Server VM (25.171-b11 mixed mode linux-amd64 compressed oops)
Heap:
 PSYoungGen      total 74752K, used 12702K [0x000000076cf80000, 0x0000000774a80000, 0x00000007c0000000)
  eden space 64512K, 17% used [0x000000076cf80000,0x000000076da8a930,0x0000000770e80000)
  from space 10240K, 13% used [0x0000000770e80000,0x0000000770fdd240,0x0000000771880000)
  to   space 10240K, 0% used [0x0000000774080000,0x0000000774080000,0x0000000774a80000)
 ParOldGen       total 95232K, used 10628K [0x00000006c6e00000, 0x00000006ccb00000, 0x000000076cf80000)
  object space 95232K, 11% used [0x00000006c6e00000,0x00000006c7861300,0x00000006ccb00000)
 Metaspace       used 21332K, capacity 21722K, committed 21936K, reserved 1069056K
  class space    used 2348K, capacity 2461K, committed 2560K, reserved 1048576K
GC Heap History (8 events):
Event: 2.336 GC heap before
{Heap before GC invocations=1 (full 0):
 PSYoungGen      total 74752K, used 64512K [0x000000076cf80000, 0x0000000772280000, 0x00000007c0000000)
  eden space 64512K, 100% used [0x000000076cf80000,0x0000000770e80000,0x0000000770e80000)
  from space 10240K, 0% used [0x0000000771880000,0x0000000771880000,0x0000000772280000)
  to   space 10240K, 0% used [0x0000000770e80000,0x0000000770e80000,0x0000000771880000)
 ParOldGen       total 171008K, used 0K [0x00000006c6e00000, 0x00000006d1500000, 0x000000076cf80000)
  object space 171008K, 0% used [0x00000006c6e00000,0x00000006c6e00000,0x00000006d1500000)
 Metaspace       used 17506K, capacity 17808K, committed 17920K, reserved 1064960K
  class space    used 1941K, capacity 2038K, committed 2048K, reserved 1048576K
Event: 2.343 GC heap after
Heap after GC invocations=1 (full 0):
 PSYoungGen      total 74752K, used 10235K [0x000000076cf80000, 0x0000000772280000, 0x00000007c0000000)
  eden space 64512K, 0% used [0x000000076cf80000,0x000000076cf80000,0x0000000770e80000)
  from space 10240K, 99% used [0x0000000770e80000,0x000000077187ed80,0x0000000771880000)
  to   space 10240K, 0% used [0x0000000771880000,0x0000000771880000,0x0000000772280000)
 ParOldGen       total 171008K, used 1398K [0x00000006c6e00000, 0x00000006d1500000, 0x000000076cf80000)
  object space 171008K, 0% used [0x00000006c6e00000,0x00000006c6f5d8f0,0x00000006d1500000)
 Metaspace       used 17506K, capacity 17808K, committed 17920K, reserved 1064960K
  class space    used 1941K, capacity 2038K, committed 2048K, reserved 1048576K
}
Event: 2.500 GC heap before
{Heap before GC invocations=2 (full 0):
 PSYoungGen      total 74752K, used 31545K [0x000000076cf80000, 0x0000000772280000, 0x00000007c0000000)
  eden space 64512K, 33% used [0x000000076cf80000,0x000000076e44f880,0x0000000770e80000)
  from space 10240K, 99% used [0x0000000770e80000,0x000000077187ed80,0x0000000771880000)
  to   space 10240K, 0% used [0x0000000771880000,0x0000000771880000,0x0000000772280000)
 ParOldGen       total 171008K, used 1398K [0x00000006c6e00000, 0x00000006d1500000, 0x000000076cf80000)
  object space 171008K, 0% used [0x00000006c6e00000,0x00000006c6f5d8f0,0x00000006d1500000)
 Metaspace       used 20843K, capacity 21142K, committed 21296K, reserved 1069056K
  class space    used 2324K, capacity 2423K, committed 2432K, reserved 1048576K
Event: 2.508 GC heap after
Heap after GC invocations=2 (full 0):
 PSYoungGen      total 74752K, used 10220K [0x000000076cf80000, 0x0000000776180000, 0x00000007c0000000)
  eden space 64512K, 0% used [0x000000076cf80000,0x000000076cf80000,0x0000000770e80000)
  from space 10240K, 99% used [0x0000000771880000,0x000000077227b1f8,0x0000000772280000)
  to   space 10240K, 0% used [0x0000000770e80000,0x0000000770e80000,0x0000000771880000)
 ParOldGen       total 171008K, used 2266K [0x00000006c6e00000, 0x00000006d1500000, 0x000000076cf80000)
  object space 171008K, 1% used [0x00000006c6e00000,0x00000006c70368b8,0x00000006d1500000)
 Metaspace       used 20843K, capacity 21142K, committed 21296K, reserved 1069056K
  class space    used 2324K, capacity 2423K, committed 2432K, reserved 1048576K
}
Event: 2.508 GC heap before
{Heap before GC invocations=3 (full 1):
 PSYoungGen      total 74752K, used 10220K [0x000000076cf80000, 0x0000000776180000, 0x00000007c0000000)
  eden space 64512K, 0% used [0x000000076cf80000,0x000000076cf80000,0x0000000770e80000)
  from space 10240K, 99% used [0x0000000771880000,0x000000077227b1f8,0x0000000772280000)
  to   space 10240K, 0% used [0x0000000770e80000,0x0000000770e80000,0x0000000771880000)
 ParOldGen       total 171008K, used 2266K [0x00000006c6e00000, 0x00000006d1500000, 0x000000076cf80000)
  object space 171008K, 1% used [0x00000006c6e00000,0x00000006c70368b8,0x00000006d1500000)
 Metaspace       used 20843K, capacity 21142K, committed 21296K, reserved 1069056K
  class space    used 2324K, capacity 2423K, committed 2432K, reserved 1048576K
Event: 2.531 GC heap after
Heap after GC invocations=3 (full 1):
 PSYoungGen      total 74752K, used 0K [0x000000076cf80000, 0x0000000776180000, 0x00000007c0000000)
  eden space 64512K, 0% used [0x000000076cf80000,0x000000076cf80000,0x0000000770e80000)
  from space 10240K, 0% used [0x0000000771880000,0x0000000771880000,0x0000000772280000)
  to   space 10240K, 0% used [0x0000000770e80000,0x0000000770e80000,0x0000000771880000)
 ParOldGen       total 95232K, used 10620K [0x00000006c6e00000, 0x00000006ccb00000, 0x000000076cf80000)
  object space 95232K, 11% used [0x00000006c6e00000,0x00000006c785f300,0x00000006ccb00000)
 Metaspace       used 20843K, capacity 21142K, committed 21296K, reserved 1069056K
  class space    used 2324K, capacity 2423K, committed 2432K, reserved 1048576K
}
Event: 181.292 GC heap before
{Heap before GC invocations=4 (full 1):
 PSYoungGen      total 74752K, used 64381K [0x000000076cf80000, 0x0000000776180000, 0x00000007c0000000)
  eden space 64512K, 99% used [0x000000076cf80000,0x0000000770e5f560,0x0000000770e80000)
  from space 10240K, 0% used [0x0000000771880000,0x0000000771880000,0x0000000772280000)
  to   space 10240K, 0% used [0x0000000770e80000,0x0000000770e80000,0x0000000771880000)
 ParOldGen       total 95232K, used 10620K [0x00000006c6e00000, 0x00000006ccb00000, 0x000000076cf80000)
  object space 95232K, 11% used [0x00000006c6e00000,0x00000006c785f300,0x00000006ccb00000)
 Metaspace       used 21322K, capacity 21716K, committed 21936K, reserved 1069056K
  class space    used 2347K, capacity 2460K, committed 2560K, reserved 1048576K
Event: 181.297 GC heap after
Heap after GC invocations=4 (full 1):
 PSYoungGen      total 74752K, used 1396K [0x000000076cf80000, 0x0000000774a80000, 0x00000007c0000000)
  eden space 64512K, 0% used [0x000000076cf80000,0x000000076cf80000,0x0000000770e80000)
  from space 10240K, 13% used [0x0000000770e80000,0x0000000770fdd240,0x0000000771880000)
  to   space 10240K, 0% used [0x0000000774080000,0x0000000774080000,0x0000000774a80000)
 ParOldGen       total 95232K, used 10628K [0x00000006c6e00000, 0x00000006ccb00000, 0x000000076cf80000)
  object space 95232K, 11% used [0x00000006c6e00000,0x00000006c7861300,0x00000006ccb00000)
 Metaspace       used 21322K, capacity 21716K, committed 21936K, reserved 1069056K
  class space    used 2347K, capacity 2460K, committed 2560K, reserved 1048576K
}

